2019-11-23 00:03:49,568 ETL_Log[71] WARNING: Removing /run/media/sam/Data/dev/Northwind/new.db
2019-11-23 00:03:49,600 ETL_Log[25] DEBUG: Creating table S_Employee from Employee
2019-11-23 00:03:49,606 ETL_Log[43] DEBUG: 
                        Creating table S_Employee.
                        Values = {'name': 'Id', 'type': INTEGER(), 'primary_key': True, 'nullable': False, 'foreign_keys': set()}
                        
2019-11-23 00:03:49,606 ETL_Log[43] DEBUG: 
                        Creating table S_Employee.
                        Values = {'name': 'LastName', 'type': VARCHAR(length=8000), 'primary_key': False, 'nullable': True, 'foreign_keys': set()}
                        
2019-11-23 00:03:49,606 ETL_Log[43] DEBUG: 
                        Creating table S_Employee.
                        Values = {'name': 'FirstName', 'type': VARCHAR(length=8000), 'primary_key': False, 'nullable': True, 'foreign_keys': set()}
                        
2019-11-23 00:03:49,607 ETL_Log[43] DEBUG: 
                        Creating table S_Employee.
                        Values = {'name': 'Title', 'type': VARCHAR(length=8000), 'primary_key': False, 'nullable': True, 'foreign_keys': set()}
                        
2019-11-23 00:03:49,607 ETL_Log[43] DEBUG: 
                        Creating table S_Employee.
                        Values = {'name': 'TitleOfCourtesy', 'type': VARCHAR(length=8000), 'primary_key': False, 'nullable': True, 'foreign_keys': set()}
                        
2019-11-23 00:03:49,607 ETL_Log[43] DEBUG: 
                        Creating table S_Employee.
                        Values = {'name': 'BirthDate', 'type': VARCHAR(length=8000), 'primary_key': False, 'nullable': True, 'foreign_keys': set()}
                        
2019-11-23 00:03:49,607 ETL_Log[43] DEBUG: 
                        Creating table S_Employee.
                        Values = {'name': 'HireDate', 'type': VARCHAR(length=8000), 'primary_key': False, 'nullable': True, 'foreign_keys': set()}
                        
2019-11-23 00:03:49,608 ETL_Log[43] DEBUG: 
                        Creating table S_Employee.
                        Values = {'name': 'Address', 'type': VARCHAR(length=8000), 'primary_key': False, 'nullable': True, 'foreign_keys': set()}
                        
2019-11-23 00:03:49,608 ETL_Log[43] DEBUG: 
                        Creating table S_Employee.
                        Values = {'name': 'City', 'type': VARCHAR(length=8000), 'primary_key': False, 'nullable': True, 'foreign_keys': set()}
                        
2019-11-23 00:03:49,608 ETL_Log[43] DEBUG: 
                        Creating table S_Employee.
                        Values = {'name': 'Region', 'type': VARCHAR(length=8000), 'primary_key': False, 'nullable': True, 'foreign_keys': set()}
                        
2019-11-23 00:03:49,609 ETL_Log[43] DEBUG: 
                        Creating table S_Employee.
                        Values = {'name': 'PostalCode', 'type': VARCHAR(length=8000), 'primary_key': False, 'nullable': True, 'foreign_keys': set()}
                        
2019-11-23 00:03:49,609 ETL_Log[43] DEBUG: 
                        Creating table S_Employee.
                        Values = {'name': 'Country', 'type': VARCHAR(length=8000), 'primary_key': False, 'nullable': True, 'foreign_keys': set()}
                        
2019-11-23 00:03:49,609 ETL_Log[43] DEBUG: 
                        Creating table S_Employee.
                        Values = {'name': 'HomePhone', 'type': VARCHAR(length=8000), 'primary_key': False, 'nullable': True, 'foreign_keys': set()}
                        
2019-11-23 00:03:49,609 ETL_Log[43] DEBUG: 
                        Creating table S_Employee.
                        Values = {'name': 'Extension', 'type': VARCHAR(length=8000), 'primary_key': False, 'nullable': True, 'foreign_keys': set()}
                        
2019-11-23 00:03:49,609 ETL_Log[43] DEBUG: 
                        Creating table S_Employee.
                        Values = {'name': 'Photo', 'type': BLOB(), 'primary_key': False, 'nullable': True, 'foreign_keys': set()}
                        
2019-11-23 00:03:49,610 ETL_Log[43] DEBUG: 
                        Creating table S_Employee.
                        Values = {'name': 'Notes', 'type': VARCHAR(length=8000), 'primary_key': False, 'nullable': True, 'foreign_keys': set()}
                        
2019-11-23 00:03:49,610 ETL_Log[43] DEBUG: 
                        Creating table S_Employee.
                        Values = {'name': 'ReportsTo', 'type': INTEGER(), 'primary_key': False, 'nullable': True, 'foreign_keys': set()}
                        
2019-11-23 00:03:49,610 ETL_Log[43] DEBUG: 
                        Creating table S_Employee.
                        Values = {'name': 'PhotoPath', 'type': VARCHAR(length=8000), 'primary_key': False, 'nullable': True, 'foreign_keys': set()}
                        
2019-11-23 00:03:49,784 ETL_Log[25] DEBUG: Creating table M_Employee from Employee
2019-11-23 00:03:49,787 ETL_Log[43] DEBUG: 
                        Creating table M_Employee.
                        Values = {'name': 'Id', 'type': INTEGER(), 'primary_key': True, 'nullable': False, 'foreign_keys': set()}
                        
2019-11-23 00:03:49,787 ETL_Log[43] DEBUG: 
                        Creating table M_Employee.
                        Values = {'name': 'LastName', 'type': VARCHAR(length=8000), 'primary_key': False, 'nullable': True, 'foreign_keys': set()}
                        
2019-11-23 00:03:49,788 ETL_Log[43] DEBUG: 
                        Creating table M_Employee.
                        Values = {'name': 'FirstName', 'type': VARCHAR(length=8000), 'primary_key': False, 'nullable': True, 'foreign_keys': set()}
                        
2019-11-23 00:03:49,789 ETL_Log[43] DEBUG: 
                        Creating table M_Employee.
                        Values = {'name': 'Title', 'type': VARCHAR(length=8000), 'primary_key': False, 'nullable': True, 'foreign_keys': set()}
                        
2019-11-23 00:03:49,791 ETL_Log[43] DEBUG: 
                        Creating table M_Employee.
                        Values = {'name': 'TitleOfCourtesy', 'type': VARCHAR(length=8000), 'primary_key': False, 'nullable': True, 'foreign_keys': set()}
                        
2019-11-23 00:03:49,791 ETL_Log[43] DEBUG: 
                        Creating table M_Employee.
                        Values = {'name': 'BirthDate', 'type': VARCHAR(length=8000), 'primary_key': False, 'nullable': True, 'foreign_keys': set()}
                        
2019-11-23 00:03:49,792 ETL_Log[43] DEBUG: 
                        Creating table M_Employee.
                        Values = {'name': 'HireDate', 'type': VARCHAR(length=8000), 'primary_key': False, 'nullable': True, 'foreign_keys': set()}
                        
2019-11-23 00:03:49,792 ETL_Log[43] DEBUG: 
                        Creating table M_Employee.
                        Values = {'name': 'Address', 'type': VARCHAR(length=8000), 'primary_key': False, 'nullable': True, 'foreign_keys': set()}
                        
2019-11-23 00:03:49,792 ETL_Log[43] DEBUG: 
                        Creating table M_Employee.
                        Values = {'name': 'City', 'type': VARCHAR(length=8000), 'primary_key': False, 'nullable': True, 'foreign_keys': set()}
                        
2019-11-23 00:03:49,793 ETL_Log[43] DEBUG: 
                        Creating table M_Employee.
                        Values = {'name': 'Region', 'type': VARCHAR(length=8000), 'primary_key': False, 'nullable': True, 'foreign_keys': set()}
                        
2019-11-23 00:03:49,793 ETL_Log[43] DEBUG: 
                        Creating table M_Employee.
                        Values = {'name': 'PostalCode', 'type': VARCHAR(length=8000), 'primary_key': False, 'nullable': True, 'foreign_keys': set()}
                        
2019-11-23 00:03:49,793 ETL_Log[43] DEBUG: 
                        Creating table M_Employee.
                        Values = {'name': 'Country', 'type': VARCHAR(length=8000), 'primary_key': False, 'nullable': True, 'foreign_keys': set()}
                        
2019-11-23 00:03:49,794 ETL_Log[43] DEBUG: 
                        Creating table M_Employee.
                        Values = {'name': 'HomePhone', 'type': VARCHAR(length=8000), 'primary_key': False, 'nullable': True, 'foreign_keys': set()}
                        
2019-11-23 00:03:49,794 ETL_Log[43] DEBUG: 
                        Creating table M_Employee.
                        Values = {'name': 'Extension', 'type': VARCHAR(length=8000), 'primary_key': False, 'nullable': True, 'foreign_keys': set()}
                        
2019-11-23 00:03:49,795 ETL_Log[43] DEBUG: 
                        Creating table M_Employee.
                        Values = {'name': 'Photo', 'type': BLOB(), 'primary_key': False, 'nullable': True, 'foreign_keys': set()}
                        
2019-11-23 00:03:49,796 ETL_Log[43] DEBUG: 
                        Creating table M_Employee.
                        Values = {'name': 'Notes', 'type': VARCHAR(length=8000), 'primary_key': False, 'nullable': True, 'foreign_keys': set()}
                        
2019-11-23 00:03:49,797 ETL_Log[43] DEBUG: 
                        Creating table M_Employee.
                        Values = {'name': 'ReportsTo', 'type': INTEGER(), 'primary_key': False, 'nullable': True, 'foreign_keys': set()}
                        
2019-11-23 00:03:49,798 ETL_Log[43] DEBUG: 
                        Creating table M_Employee.
                        Values = {'name': 'PhotoPath', 'type': VARCHAR(length=8000), 'primary_key': False, 'nullable': True, 'foreign_keys': set()}
                        
2019-11-23 00:03:50,228 ETL_Log[25] DEBUG: Creating table X_Employee from Employee
2019-11-23 00:03:50,230 ETL_Log[43] DEBUG: 
                        Creating table X_Employee.
                        Values = {'name': 'Id', 'type': INTEGER(), 'primary_key': True, 'nullable': False, 'foreign_keys': set()}
                        
2019-11-23 00:03:50,230 ETL_Log[43] DEBUG: 
                        Creating table X_Employee.
                        Values = {'name': 'LastName', 'type': VARCHAR(length=8000), 'primary_key': False, 'nullable': True, 'foreign_keys': set()}
                        
2019-11-23 00:03:50,230 ETL_Log[43] DEBUG: 
                        Creating table X_Employee.
                        Values = {'name': 'FirstName', 'type': VARCHAR(length=8000), 'primary_key': False, 'nullable': True, 'foreign_keys': set()}
                        
2019-11-23 00:03:50,230 ETL_Log[43] DEBUG: 
                        Creating table X_Employee.
                        Values = {'name': 'Title', 'type': VARCHAR(length=8000), 'primary_key': False, 'nullable': True, 'foreign_keys': set()}
                        
2019-11-23 00:03:50,231 ETL_Log[43] DEBUG: 
                        Creating table X_Employee.
                        Values = {'name': 'TitleOfCourtesy', 'type': VARCHAR(length=8000), 'primary_key': False, 'nullable': True, 'foreign_keys': set()}
                        
2019-11-23 00:03:50,231 ETL_Log[43] DEBUG: 
                        Creating table X_Employee.
                        Values = {'name': 'BirthDate', 'type': VARCHAR(length=8000), 'primary_key': False, 'nullable': True, 'foreign_keys': set()}
                        
2019-11-23 00:03:50,231 ETL_Log[43] DEBUG: 
                        Creating table X_Employee.
                        Values = {'name': 'HireDate', 'type': VARCHAR(length=8000), 'primary_key': False, 'nullable': True, 'foreign_keys': set()}
                        
2019-11-23 00:03:50,231 ETL_Log[43] DEBUG: 
                        Creating table X_Employee.
                        Values = {'name': 'Address', 'type': VARCHAR(length=8000), 'primary_key': False, 'nullable': True, 'foreign_keys': set()}
                        
2019-11-23 00:03:50,232 ETL_Log[43] DEBUG: 
                        Creating table X_Employee.
                        Values = {'name': 'City', 'type': VARCHAR(length=8000), 'primary_key': False, 'nullable': True, 'foreign_keys': set()}
                        
2019-11-23 00:03:50,232 ETL_Log[43] DEBUG: 
                        Creating table X_Employee.
                        Values = {'name': 'Region', 'type': VARCHAR(length=8000), 'primary_key': False, 'nullable': True, 'foreign_keys': set()}
                        
2019-11-23 00:03:50,232 ETL_Log[43] DEBUG: 
                        Creating table X_Employee.
                        Values = {'name': 'PostalCode', 'type': VARCHAR(length=8000), 'primary_key': False, 'nullable': True, 'foreign_keys': set()}
                        
2019-11-23 00:03:50,232 ETL_Log[43] DEBUG: 
                        Creating table X_Employee.
                        Values = {'name': 'Country', 'type': VARCHAR(length=8000), 'primary_key': False, 'nullable': True, 'foreign_keys': set()}
                        
2019-11-23 00:03:50,233 ETL_Log[43] DEBUG: 
                        Creating table X_Employee.
                        Values = {'name': 'HomePhone', 'type': VARCHAR(length=8000), 'primary_key': False, 'nullable': True, 'foreign_keys': set()}
                        
2019-11-23 00:03:50,233 ETL_Log[43] DEBUG: 
                        Creating table X_Employee.
                        Values = {'name': 'Extension', 'type': VARCHAR(length=8000), 'primary_key': False, 'nullable': True, 'foreign_keys': set()}
                        
2019-11-23 00:03:50,233 ETL_Log[43] DEBUG: 
                        Creating table X_Employee.
                        Values = {'name': 'Photo', 'type': BLOB(), 'primary_key': False, 'nullable': True, 'foreign_keys': set()}
                        
2019-11-23 00:03:50,234 ETL_Log[43] DEBUG: 
                        Creating table X_Employee.
                        Values = {'name': 'Notes', 'type': VARCHAR(length=8000), 'primary_key': False, 'nullable': True, 'foreign_keys': set()}
                        
2019-11-23 00:03:50,234 ETL_Log[43] DEBUG: 
                        Creating table X_Employee.
                        Values = {'name': 'ReportsTo', 'type': INTEGER(), 'primary_key': False, 'nullable': True, 'foreign_keys': set()}
                        
2019-11-23 00:03:50,235 ETL_Log[43] DEBUG: 
                        Creating table X_Employee.
                        Values = {'name': 'PhotoPath', 'type': VARCHAR(length=8000), 'primary_key': False, 'nullable': True, 'foreign_keys': set()}
                        
2019-11-23 00:03:51,246 ETL_Log[25] DEBUG: Creating table C_Employee from Employee
2019-11-23 00:03:51,247 ETL_Log[43] DEBUG: 
                        Creating table C_Employee.
                        Values = {'name': 'Id', 'type': INTEGER(), 'primary_key': True, 'nullable': False, 'foreign_keys': set()}
                        
2019-11-23 00:03:51,248 ETL_Log[43] DEBUG: 
                        Creating table C_Employee.
                        Values = {'name': 'LastName', 'type': VARCHAR(length=8000), 'primary_key': False, 'nullable': True, 'foreign_keys': set()}
                        
2019-11-23 00:03:51,248 ETL_Log[43] DEBUG: 
                        Creating table C_Employee.
                        Values = {'name': 'FirstName', 'type': VARCHAR(length=8000), 'primary_key': False, 'nullable': True, 'foreign_keys': set()}
                        
2019-11-23 00:03:51,248 ETL_Log[43] DEBUG: 
                        Creating table C_Employee.
                        Values = {'name': 'Title', 'type': VARCHAR(length=8000), 'primary_key': False, 'nullable': True, 'foreign_keys': set()}
                        
2019-11-23 00:03:51,249 ETL_Log[43] DEBUG: 
                        Creating table C_Employee.
                        Values = {'name': 'TitleOfCourtesy', 'type': VARCHAR(length=8000), 'primary_key': False, 'nullable': True, 'foreign_keys': set()}
                        
2019-11-23 00:03:51,250 ETL_Log[43] DEBUG: 
                        Creating table C_Employee.
                        Values = {'name': 'BirthDate', 'type': VARCHAR(length=8000), 'primary_key': False, 'nullable': True, 'foreign_keys': set()}
                        
2019-11-23 00:03:51,251 ETL_Log[43] DEBUG: 
                        Creating table C_Employee.
                        Values = {'name': 'HireDate', 'type': VARCHAR(length=8000), 'primary_key': False, 'nullable': True, 'foreign_keys': set()}
                        
2019-11-23 00:03:51,251 ETL_Log[43] DEBUG: 
                        Creating table C_Employee.
                        Values = {'name': 'Address', 'type': VARCHAR(length=8000), 'primary_key': False, 'nullable': True, 'foreign_keys': set()}
                        
2019-11-23 00:03:51,252 ETL_Log[43] DEBUG: 
                        Creating table C_Employee.
                        Values = {'name': 'City', 'type': VARCHAR(length=8000), 'primary_key': False, 'nullable': True, 'foreign_keys': set()}
                        
2019-11-23 00:03:51,252 ETL_Log[43] DEBUG: 
                        Creating table C_Employee.
                        Values = {'name': 'Region', 'type': VARCHAR(length=8000), 'primary_key': False, 'nullable': True, 'foreign_keys': set()}
                        
2019-11-23 00:03:51,253 ETL_Log[43] DEBUG: 
                        Creating table C_Employee.
                        Values = {'name': 'PostalCode', 'type': VARCHAR(length=8000), 'primary_key': False, 'nullable': True, 'foreign_keys': set()}
                        
2019-11-23 00:03:51,254 ETL_Log[43] DEBUG: 
                        Creating table C_Employee.
                        Values = {'name': 'Country', 'type': VARCHAR(length=8000), 'primary_key': False, 'nullable': True, 'foreign_keys': set()}
                        
2019-11-23 00:03:51,255 ETL_Log[43] DEBUG: 
                        Creating table C_Employee.
                        Values = {'name': 'HomePhone', 'type': VARCHAR(length=8000), 'primary_key': False, 'nullable': True, 'foreign_keys': set()}
                        
2019-11-23 00:03:51,256 ETL_Log[43] DEBUG: 
                        Creating table C_Employee.
                        Values = {'name': 'Extension', 'type': VARCHAR(length=8000), 'primary_key': False, 'nullable': True, 'foreign_keys': set()}
                        
2019-11-23 00:03:51,257 ETL_Log[43] DEBUG: 
                        Creating table C_Employee.
                        Values = {'name': 'Photo', 'type': BLOB(), 'primary_key': False, 'nullable': True, 'foreign_keys': set()}
                        
2019-11-23 00:03:51,258 ETL_Log[43] DEBUG: 
                        Creating table C_Employee.
                        Values = {'name': 'Notes', 'type': VARCHAR(length=8000), 'primary_key': False, 'nullable': True, 'foreign_keys': set()}
                        
2019-11-23 00:03:51,259 ETL_Log[43] DEBUG: 
                        Creating table C_Employee.
                        Values = {'name': 'ReportsTo', 'type': INTEGER(), 'primary_key': False, 'nullable': True, 'foreign_keys': set()}
                        
2019-11-23 00:03:51,259 ETL_Log[43] DEBUG: 
                        Creating table C_Employee.
                        Values = {'name': 'PhotoPath', 'type': VARCHAR(length=8000), 'primary_key': False, 'nullable': True, 'foreign_keys': set()}
                        
2019-11-23 00:03:51,645 ETL_Log[25] DEBUG: Creating table E_Employee from Employee
2019-11-23 00:03:51,649 ETL_Log[43] DEBUG: 
                        Creating table E_Employee.
                        Values = {'name': 'Id', 'type': INTEGER(), 'primary_key': True, 'nullable': False, 'foreign_keys': set()}
                        
2019-11-23 00:03:51,650 ETL_Log[43] DEBUG: 
                        Creating table E_Employee.
                        Values = {'name': 'LastName', 'type': VARCHAR(length=8000), 'primary_key': False, 'nullable': True, 'foreign_keys': set()}
                        
2019-11-23 00:03:51,650 ETL_Log[43] DEBUG: 
                        Creating table E_Employee.
                        Values = {'name': 'FirstName', 'type': VARCHAR(length=8000), 'primary_key': False, 'nullable': True, 'foreign_keys': set()}
                        
2019-11-23 00:03:51,651 ETL_Log[43] DEBUG: 
                        Creating table E_Employee.
                        Values = {'name': 'Title', 'type': VARCHAR(length=8000), 'primary_key': False, 'nullable': True, 'foreign_keys': set()}
                        
2019-11-23 00:03:51,652 ETL_Log[43] DEBUG: 
                        Creating table E_Employee.
                        Values = {'name': 'TitleOfCourtesy', 'type': VARCHAR(length=8000), 'primary_key': False, 'nullable': True, 'foreign_keys': set()}
                        
2019-11-23 00:03:51,653 ETL_Log[43] DEBUG: 
                        Creating table E_Employee.
                        Values = {'name': 'BirthDate', 'type': VARCHAR(length=8000), 'primary_key': False, 'nullable': True, 'foreign_keys': set()}
                        
2019-11-23 00:03:51,653 ETL_Log[43] DEBUG: 
                        Creating table E_Employee.
                        Values = {'name': 'HireDate', 'type': VARCHAR(length=8000), 'primary_key': False, 'nullable': True, 'foreign_keys': set()}
                        
2019-11-23 00:03:51,654 ETL_Log[43] DEBUG: 
                        Creating table E_Employee.
                        Values = {'name': 'Address', 'type': VARCHAR(length=8000), 'primary_key': False, 'nullable': True, 'foreign_keys': set()}
                        
2019-11-23 00:03:51,654 ETL_Log[43] DEBUG: 
                        Creating table E_Employee.
                        Values = {'name': 'City', 'type': VARCHAR(length=8000), 'primary_key': False, 'nullable': True, 'foreign_keys': set()}
                        
2019-11-23 00:03:51,655 ETL_Log[43] DEBUG: 
                        Creating table E_Employee.
                        Values = {'name': 'Region', 'type': VARCHAR(length=8000), 'primary_key': False, 'nullable': True, 'foreign_keys': set()}
                        
2019-11-23 00:03:51,655 ETL_Log[43] DEBUG: 
                        Creating table E_Employee.
                        Values = {'name': 'PostalCode', 'type': VARCHAR(length=8000), 'primary_key': False, 'nullable': True, 'foreign_keys': set()}
                        
2019-11-23 00:03:51,657 ETL_Log[43] DEBUG: 
                        Creating table E_Employee.
                        Values = {'name': 'Country', 'type': VARCHAR(length=8000), 'primary_key': False, 'nullable': True, 'foreign_keys': set()}
                        
2019-11-23 00:03:51,658 ETL_Log[43] DEBUG: 
                        Creating table E_Employee.
                        Values = {'name': 'HomePhone', 'type': VARCHAR(length=8000), 'primary_key': False, 'nullable': True, 'foreign_keys': set()}
                        
2019-11-23 00:03:51,659 ETL_Log[43] DEBUG: 
                        Creating table E_Employee.
                        Values = {'name': 'Extension', 'type': VARCHAR(length=8000), 'primary_key': False, 'nullable': True, 'foreign_keys': set()}
                        
2019-11-23 00:03:51,659 ETL_Log[43] DEBUG: 
                        Creating table E_Employee.
                        Values = {'name': 'Photo', 'type': BLOB(), 'primary_key': False, 'nullable': True, 'foreign_keys': set()}
                        
2019-11-23 00:03:51,659 ETL_Log[43] DEBUG: 
                        Creating table E_Employee.
                        Values = {'name': 'Notes', 'type': VARCHAR(length=8000), 'primary_key': False, 'nullable': True, 'foreign_keys': set()}
                        
2019-11-23 00:03:51,660 ETL_Log[43] DEBUG: 
                        Creating table E_Employee.
                        Values = {'name': 'ReportsTo', 'type': INTEGER(), 'primary_key': False, 'nullable': True, 'foreign_keys': set()}
                        
2019-11-23 00:03:51,660 ETL_Log[43] DEBUG: 
                        Creating table E_Employee.
                        Values = {'name': 'PhotoPath', 'type': VARCHAR(length=8000), 'primary_key': False, 'nullable': True, 'foreign_keys': set()}
                        
